<?xml version="1.0" encoding="UTF-8"?>
<!-- Generated by org.testng.reporters.JUnitXMLReporter -->
<testsuite hostname="LAPTOP-J72S96QE" name="Test" tests="4" failures="0" timestamp="14 Aug 2019 12:13:54 GMT" time="0.043" errors="0">
  <testcase name="BrowserAutomation" time="0.017" classname="qaclickacademy.SeleniumTest"/>
  <testcase name="elementUi" time="0.001" classname="qaclickacademy.SeleniumTest"/>
  <testcase name="deleteTwitter" time="0.0" classname="qaclickacademy.RestApiTest"/>
  <testcase name="postJira" time="0.0" classname="qaclickacademy.RestApiTest"/>
</testsuite> <!-- Test -->
