<?xml version="1.0" encoding="UTF-8"?>
<testng-results skipped="0" failed="0" total="4" passed="4">
  <reporter-output>
  </reporter-output>
  <suite name="Suite" duration-ms="43" started-at="2019-08-14T12:13:54Z" finished-at="2019-08-14T12:13:54Z">
    <groups>
    </groups>
    <test name="Test" duration-ms="43" started-at="2019-08-14T12:13:54Z" finished-at="2019-08-14T12:13:54Z">
      <class name="qaclickacademy.SeleniumTest">
        <test-method status="PASS" signature="BrowserAutomation()[pri:0, instance:qaclickacademy.SeleniumTest@2d3fcdbd]" name="BrowserAutomation" duration-ms="17" started-at="2019-08-14T08:13:54Z" finished-at="2019-08-14T08:13:54Z">
          <reporter-output>
          </reporter-output>
        </test-method> <!-- BrowserAutomation -->
        <test-method status="PASS" signature="elementUi()[pri:0, instance:qaclickacademy.SeleniumTest@2d3fcdbd]" name="elementUi" duration-ms="1" started-at="2019-08-14T08:13:54Z" finished-at="2019-08-14T08:13:54Z">
          <reporter-output>
          </reporter-output>
        </test-method> <!-- elementUi -->
      </class> <!-- qaclickacademy.SeleniumTest -->
      <class name="qaclickacademy.RestApiTest">
        <test-method status="PASS" signature="deleteTwitter()[pri:0, instance:qaclickacademy.RestApiTest@9f70c54]" name="deleteTwitter" duration-ms="0" started-at="2019-08-14T08:13:54Z" finished-at="2019-08-14T08:13:54Z">
          <reporter-output>
          </reporter-output>
        </test-method> <!-- deleteTwitter -->
        <test-method status="PASS" signature="postJira()[pri:0, instance:qaclickacademy.RestApiTest@9f70c54]" name="postJira" duration-ms="0" started-at="2019-08-14T08:13:54Z" finished-at="2019-08-14T08:13:54Z">
          <reporter-output>
          </reporter-output>
        </test-method> <!-- postJira -->
      </class> <!-- qaclickacademy.RestApiTest -->
    </test> <!-- Test -->
  </suite> <!-- Suite -->
</testng-results>
